<?xml version="1.0" encoding="UTF-8"?>
<testsuite xmlns:xsi="http://www.w3.org/2001/XMLSchema-instance" xsi:noNamespaceSchemaLocation="https://maven.apache.org/surefire/maven-surefire-plugin/xsd/surefire-test-report.xsd" version="3.0.2" name="com.example.demo.TestJwt" time="1.328" tests="2" errors="1" skipped="0" failures="0">
  <properties>
[...]
</properties>
  <testcase name="testGenJwt" classname="com.example.demo.TestJwt" time="0.692">
    <system-out><![CDATA[2025-12-11 22:09:45.712 [main] INFO  com.example.demo.TestJwt-生成base64编码后的令牌eyJhbGciOiJIUzI1NiJ9.eyJpZCI6MTAsInVzZXJuYW1lIjoid2FuZ2RlZmEiLCJleHAiOjE3NjU0NjU3ODV9.MBp-D_9mKOtY5F7NdogiidfBG_5HNqV1QpDMPmMnCig: 
]]></system-out>
  </testcase>
  <testcase name="testParseJwt" classname="com.example.demo.TestJwt" time="0.061">
    <error message="JWT expired at 2025-11-23T21:15:00Z. Current time: 2025-12-11T22:09:45Z, a difference of 1558485790 milliseconds.  Allowed clock skew: 0 milliseconds." type="io.jsonwebtoken.ExpiredJwtException"><![CDATA[io.jsonwebtoken.ExpiredJwtException: JWT expired at 2025-11-23T21:15:00Z. Current time: 2025-12-11T22:09:45Z, a difference of 1558485790 milliseconds.  Allowed clock skew: 0 milliseconds.
	at io.jsonwebtoken.impl.DefaultJwtParser.parse(DefaultJwtParser.java:385)
	at io.jsonwebtoken.impl.DefaultJwtParser.parse(DefaultJwtParser.java:481)
	at io.jsonwebtoken.impl.DefaultJwtParser.parseClaimsJws(DefaultJwtParser.java:541)
	at com.example.demo.TestJwt.testParseJwt(TestJwt.java:37)
	at java.base/java.lang.reflect.Method.invoke(Method.java:580)
	at java.base/java.util.ArrayList.forEach(ArrayList.java:1596)
	at java.base/java.util.ArrayList.forEach(ArrayList.java:1596)
]]></error>
  </testcase>
</testsuite>